<?xml version="1.0" encoding="UTF-8"?>
<testsuite xmlns:xsi="http://www.w3.org/2001/XMLSchema-instance" xsi:noNamespaceSchemaLocation="https://maven.apache.org/surefire/maven-surefire-plugin/xsd/surefire-test-report-3.0.xsd" version="3.0" name="io.cucumber.runners.RunCucumberTest" time="15.098" tests="24" errors="0" skipped="0" failures="0">
  <properties>
[...]
</properties>
  <testcase name="Create object scenarios - Create a new object" classname="Create object scenarios" time="1.168">
    <system-out><![CDATA[
@apiSmoke
Scenario: Create a new object                           &amp#27;[90m# io/cucumber/features/create_object.feature:4&amp#27;[0m
  &amp#27;[32mGiven &amp#27;[0m&amp#27;[32mI create a new object with random details&amp#27;[0m       &amp#27;[90m# io.cucumber.stepDefs.StepDefinitions.iCreateANewObjectWithRandomDetails()&amp#27;[0m
  &amp#27;[32mWhen &amp#27;[0m&amp#27;[32mI send a POST request to object endpoint&amp#27;[0m         &amp#27;[90m# io.cucumber.stepDefs.StepDefinitions.iSendAPOSTRequestToObjectEndpoint()&amp#27;[0m
  &amp#27;[32mThen &amp#27;[0m&amp#27;[32mthe response status code is &amp#27;[0m&amp#27;[32m&amp#27;[1m200&amp#27;[0m                  &amp#27;[90m# io.cucumber.stepDefs.StepDefinitions.theResponseStatusCodeIs(int)&amp#27;[0m
  &amp#27;[32mAnd &amp#27;[0m&amp#27;[32mthe response should contain the following values:&amp#27;[0m &amp#27;[90m# io.cucumber.stepDefs.StepDefinitions.verifyResponseValues(io.cucumber.datatable.DataTable)&amp#27;[0m
    | name             | Apple MacBook Pro 13 |
    | data.year        | 2019                 |
    | data.description | Intel Core i9        |
    | data.color       | Purple               |
]]></system-out>
  </testcase>
  <testcase name="Create object scenarios - Create a new object from feature" classname="Create object scenarios" time="0.321">
    <system-out><![CDATA[
@apiSmoke
Scenario: Create a new object from feature              &amp#27;[90m# io/cucumber/features/create_object.feature:15&amp#27;[0m
  &amp#27;[32mGiven &amp#27;[0m&amp#27;[32mI add a new object with the following details:&amp#27;[0m  &amp#27;[90m# io.cucumber.stepDefs.StepDefinitions.iAddANewObjectWithTheFollowingDetails(io.cucumber.datatable.DataTable)&amp#27;[0m
    | id   | 14            |
    | name | iPhone 16 Pro |
  &amp#27;[32mWhen &amp#27;[0m&amp#27;[32mI send a POST request to object endpoint&amp#27;[0m         &amp#27;[90m# io.cucumber.stepDefs.StepDefinitions.iSendAPOSTRequestToObjectEndpoint()&amp#27;[0m
  &amp#27;[32mThen &amp#27;[0m&amp#27;[32mthe response status code is &amp#27;[0m&amp#27;[32m&amp#27;[1m200&amp#27;[0m                  &amp#27;[90m# io.cucumber.stepDefs.StepDefinitions.theResponseStatusCodeIs(int)&amp#27;[0m
  &amp#27;[32mAnd &amp#27;[0m&amp#27;[32mthe response should contain the following values:&amp#27;[0m &amp#27;[90m# io.cucumber.stepDefs.StepDefinitions.verifyResponseValues(io.cucumber.datatable.DataTable)&amp#27;[0m
    | name | iPhone 16 Pro |
]]></system-out>
  </testcase>
  <testcase name="Create object scenarios - Attepmt to create a object with unsupported media" classname="Create object scenarios" time="0.313">
    <system-out><![CDATA[
@apiSmoke
Scenario: Attepmt to create a object with unsupported media &amp#27;[90m# io/cucumber/features/create_object.feature:25&amp#27;[0m
  &amp#27;[32mWhen &amp#27;[0m&amp#27;[32mI send a POST request to object endpoint&amp#27;[0m             &amp#27;[90m# io.cucumber.stepDefs.StepDefinitions.iSendAPOSTRequestToObjectEndpoint()&amp#27;[0m
  &amp#27;[32mThen &amp#27;[0m&amp#27;[32mthe response status code is &amp#27;[0m&amp#27;[32m&amp#27;[1m415&amp#27;[0m                      &amp#27;[90m# io.cucumber.stepDefs.StepDefinitions.theResponseStatusCodeIs(int)&amp#27;[0m
  &amp#27;[32mAnd &amp#27;[0m&amp#27;[32mthe response should contain the following values:&amp#27;[0m     &amp#27;[90m# io.cucumber.stepDefs.StepDefinitions.verifyResponseValues(io.cucumber.datatable.DataTable)&amp#27;[0m
    | error | 415 Unsupported Media Type. The 415 status code indicates that the origin server is refusing to service the request because the payload is in a format not supported by this method on the target resource. One of the examples of getting 415 would be sending a request with a Content-Type header which is not equal to application/json |
]]></system-out>
  </testcase>
  <testcase name="Create object scenarios - Attepmt to create a object with empty body" classname="Create object scenarios" time="0.427">
    <system-out><![CDATA[
@apiSmoke
Scenario: Attepmt to create a object with empty body    &amp#27;[90m# io/cucumber/features/create_object.feature:32&amp#27;[0m
  &amp#27;[32mGiven &amp#27;[0m&amp#27;[32mI have a empty body request&amp#27;[0m                     &amp#27;[90m# io.cucumber.stepDefs.StepDefinitions.iHaveAEmptyRequest()&amp#27;[0m
  &amp#27;[32mWhen &amp#27;[0m&amp#27;[32mI send a POST request to object endpoint&amp#27;[0m         &amp#27;[90m# io.cucumber.stepDefs.StepDefinitions.iSendAPOSTRequestToObjectEndpoint()&amp#27;[0m
  &amp#27;[32mThen &amp#27;[0m&amp#27;[32mthe response status code is &amp#27;[0m&amp#27;[32m&amp#27;[1m400&amp#27;[0m                  &amp#27;[90m# io.cucumber.stepDefs.StepDefinitions.theResponseStatusCodeIs(int)&amp#27;[0m
  &amp#27;[32mAnd &amp#27;[0m&amp#27;[32mthe response should contain the following values:&amp#27;[0m &amp#27;[90m# io.cucumber.stepDefs.StepDefinitions.verifyResponseValues(io.cucumber.datatable.DataTable)&amp#27;[0m
    | error | 400 Bad Request. If you are trying to create or update the data, potential issue is that you are sending incorrect body json or it is missing at all. |
]]></system-out>
  </testcase>
  <testcase name="Delete object scenarios - Delete an object and then delete" classname="Delete object scenarios" time="0.7">
    <system-out><![CDATA[
@apiSmoke
Scenario: Delete an object and then delete                                            &amp#27;[90m# io/cucumber/features/delete_object.feature:4&amp#27;[0m
  &amp#27;[32mGiven &amp#27;[0m&amp#27;[32mI create a new object with random details&amp#27;[0m                                     &amp#27;[90m# io.cucumber.stepDefs.StepDefinitions.iCreateANewObjectWithRandomDetails()&amp#27;[0m
  &amp#27;[32mAnd &amp#27;[0m&amp#27;[32mI send a POST request to object endpoint&amp#27;[0m                                        &amp#27;[90m# io.cucumber.stepDefs.StepDefinitions.iSendAPOSTRequestToObjectEndpoint()&amp#27;[0m
  &amp#27;[32mAnd &amp#27;[0m&amp#27;[32mthe response status code is &amp#27;[0m&amp#27;[32m&amp#27;[1m200&amp#27;[0m                                                 &amp#27;[90m# io.cucumber.stepDefs.StepDefinitions.theResponseStatusCodeIs(int)&amp#27;[0m
  &amp#27;[32mAnd &amp#27;[0m&amp#27;[32mI get the object id&amp#27;[0m                                                             &amp#27;[90m# io.cucumber.stepDefs.StepDefinitions.iGetTheObjectId()&amp#27;[0m
  &amp#27;[32mWhen &amp#27;[0m&amp#27;[32mI delete the object with the object id&amp#27;[0m                                         &amp#27;[90m# io.cucumber.stepDefs.StepDefinitions.iDeleteTheObject()&amp#27;[0m
  &amp#27;[32mThen &amp#27;[0m&amp#27;[32mthe response status code is &amp#27;[0m&amp#27;[32m&amp#27;[1m200&amp#27;[0m                                                &amp#27;[90m# io.cucumber.stepDefs.StepDefinitions.theResponseStatusCodeIs(int)&amp#27;[0m
  &amp#27;[32mAnd &amp#27;[0m&amp#27;[32min the response a message is displayed the object has successfully been deleted&amp#27;[0m &amp#27;[90m# io.cucumber.stepDefs.StepDefinitions.theObjectHasSuccessfullyBeenDeleted()&amp#27;[0m
]]></system-out>
  </testcase>
  <testcase name="Delete object scenarios - Delete an object" classname="Delete object scenarios" time="0.906">
    <system-out><![CDATA[
@apiSmoke
Scenario: Delete an object                     &amp#27;[90m# io/cucumber/features/delete_object.feature:14&amp#27;[0m
  &amp#27;[32mWhen &amp#27;[0m&amp#27;[32mI send a DELETE request to &amp#27;[0m&amp#27;[32m&amp#27;[1m"/objects/6"&amp#27;[0m &amp#27;[90m# io.cucumber.stepDefs.StepDefinitions.iSendADELETERequestTo(java.lang.String)&amp#27;[0m
  &amp#27;[32mThen &amp#27;[0m&amp#27;[32mthe response status code is &amp#27;[0m&amp#27;[32m&amp#27;[1m405&amp#27;[0m         &amp#27;[90m# io.cucumber.stepDefs.StepDefinitions.theResponseStatusCodeIs(int)&amp#27;[0m
]]></system-out>
  </testcase>
  <testcase name="Delete object scenarios - Attempt to delete an object with invalid object" classname="Delete object scenarios" time="0.352">
    <system-out><![CDATA[
@apiSmoke
Scenario: Attempt to delete an object with invalid object &amp#27;[90m# io/cucumber/features/delete_object.feature:19&amp#27;[0m
  &amp#27;[32mWhen &amp#27;[0m&amp#27;[32mI send a DELETE request to &amp#27;[0m&amp#27;[32m&amp#27;[1m"/objects/31"&amp#27;[0m           &amp#27;[90m# io.cucumber.stepDefs.StepDefinitions.iSendADELETERequestTo(java.lang.String)&amp#27;[0m
  &amp#27;[32mThen &amp#27;[0m&amp#27;[32mthe response status code is &amp#27;[0m&amp#27;[32m&amp#27;[1m404&amp#27;[0m                    &amp#27;[90m# io.cucumber.stepDefs.StepDefinitions.theResponseStatusCodeIs(int)&amp#27;[0m
]]></system-out>
  </testcase>
  <testcase name="Delete object scenarios - Attempt to delete an object with invalid object" classname="Delete object scenarios" time="0.357">
    <system-out><![CDATA[
@apiSmoke
Scenario: Attempt to delete an object with invalid object &amp#27;[90m# io/cucumber/features/delete_object.feature:24&amp#27;[0m
  &amp#27;[32mWhen &amp#27;[0m&amp#27;[32mI send a DELETE request to &amp#27;[0m&amp#27;[32m&amp#27;[1m"/objects/31"&amp#27;[0m           &amp#27;[90m# io.cucumber.stepDefs.StepDefinitions.iSendADELETERequestTo(java.lang.String)&amp#27;[0m
  &amp#27;[32mThen &amp#27;[0m&amp#27;[32mthe response status code is &amp#27;[0m&amp#27;[32m&amp#27;[1m404&amp#27;[0m                    &amp#27;[90m# io.cucumber.stepDefs.StepDefinitions.theResponseStatusCodeIs(int)&amp#27;[0m
]]></system-out>
  </testcase>
  <testcase name="Get object scenarios - Retrieve an Object by Valid ID" classname="Get object scenarios" time="0.912">
    <system-out><![CDATA[
@apiSmoke
Scenario: Retrieve an Object by Valid ID                &amp#27;[90m# io/cucumber/features/get_object.feature:4&amp#27;[0m
  &amp#27;[32mWhen &amp#27;[0m&amp#27;[32mI send a GET request to &amp#27;[0m&amp#27;[32m&amp#27;[1m"/objects/1"&amp#27;[0m             &amp#27;[90m# io.cucumber.stepDefs.StepDefinitions.iSendAGETRequestTo(java.lang.String)&amp#27;[0m
  &amp#27;[32mThen &amp#27;[0m&amp#27;[32mthe response status code is &amp#27;[0m&amp#27;[32m&amp#27;[1m200&amp#27;[0m                  &amp#27;[90m# io.cucumber.stepDefs.StepDefinitions.theResponseStatusCodeIs(int)&amp#27;[0m
  &amp#27;[32mAnd &amp#27;[0m&amp#27;[32mthe response should contain the following values:&amp#27;[0m &amp#27;[90m# io.cucumber.stepDefs.StepDefinitions.verifyResponseValues(io.cucumber.datatable.DataTable)&amp#27;[0m
    | id            | 1                  |
    | name          | Google Pixel 6 Pro |
    | data.color    | Cloudy White       |
    | data.capacity | 128 GB             |
]]></system-out>
  </testcase>
  <testcase name="Get object scenarios - Retrieve all objects" classname="Get object scenarios" time="0.874">
    <system-out><![CDATA[
@apiSmoke
Scenario: Retrieve all objects                          &amp#27;[90m# io/cucumber/features/get_object.feature:14&amp#27;[0m
  &amp#27;[32mGiven &amp#27;[0m&amp#27;[32mI send a GET request to &amp#27;[0m&amp#27;[32m&amp#27;[1m"/objects"&amp#27;[0m              &amp#27;[90m# io.cucumber.stepDefs.StepDefinitions.iSendAGETRequestTo(java.lang.String)&amp#27;[0m
  &amp#27;[32mWhen &amp#27;[0m&amp#27;[32mthe response status code is &amp#27;[0m&amp#27;[32m&amp#27;[1m200&amp#27;[0m                  &amp#27;[90m# io.cucumber.stepDefs.StepDefinitions.theResponseStatusCodeIs(int)&amp#27;[0m
  &amp#27;[32mAnd &amp#27;[0m&amp#27;[32mthe response should contain the following values:&amp#27;[0m &amp#27;[90m# io.cucumber.stepDefs.StepDefinitions.verifyResponseValues(io.cucumber.datatable.DataTable)&amp#27;[0m
    | [0].id            | 1                                 |
    | [0].name          | Google Pixel 6 Pro                |
    | [0].data.color    | Cloudy White                      |
    | [0].data.capacity | 128 GB                            |
    | [1].id            | 2                                 |
    | [1].name          | Apple iPhone 12 Mini, 256GB, Blue |
    | [2].id            | 3                                 |
    | [2].name          | Apple iPhone 12 Pro Max           |
    | [2].data.color    | Cloudy White                      |
]]></system-out>
  </testcase>
  <testcase name="Get object scenarios - Attempt to Retrieve Non-Existent Object" classname="Get object scenarios" time="0.443">
    <system-out><![CDATA[
@apiSmoke
Scenario: Attempt to Retrieve Non-Existent Object &amp#27;[90m# io/cucumber/features/get_object.feature:47&amp#27;[0m
  &amp#27;[32mWhen &amp#27;[0m&amp#27;[32mI send a GET request to &amp#27;[0m&amp#27;[32m&amp#27;[1m"/objects/31"&amp#27;[0m      &amp#27;[90m# io.cucumber.stepDefs.StepDefinitions.iSendAGETRequestTo(java.lang.String)&amp#27;[0m
  &amp#27;[32mThen &amp#27;[0m&amp#27;[32mthe response status code is &amp#27;[0m&amp#27;[32m&amp#27;[1m404&amp#27;[0m            &amp#27;[90m# io.cucumber.stepDefs.StepDefinitions.theResponseStatusCodeIs(int)&amp#27;[0m
]]></system-out>
  </testcase>
  <testcase name="Get object scenarios - Retrieve an Object by Invalid ID" classname="Get object scenarios" time="0.923">
    <system-out><![CDATA[
@apiSmoke
Scenario: Retrieve an Object by Invalid ID &amp#27;[90m# io/cucumber/features/get_object.feature:52&amp#27;[0m
  &amp#27;[32mWhen &amp#27;[0m&amp#27;[32mI send a GET request to &amp#27;[0m&amp#27;[32m&amp#27;[1m"/33"&amp#27;[0m       &amp#27;[90m# io.cucumber.stepDefs.StepDefinitions.iSendAGETRequestTo(java.lang.String)&amp#27;[0m
  &amp#27;[32mThen &amp#27;[0m&amp#27;[32mthe response status code is &amp#27;[0m&amp#27;[32m&amp#27;[1m404&amp#27;[0m     &amp#27;[90m# io.cucumber.stepDefs.StepDefinitions.theResponseStatusCodeIs(int)&amp#27;[0m
]]></system-out>
  </testcase>
  <testcase name="Get object scenarios - Retrieve an Object by Valid ID - multiple objects - Examples - Example #1.1" classname="Get object scenarios - Retrieve an Object by Valid ID - multiple objects - Examples" time="0.359">
    <system-out><![CDATA[
@apiSmoke
Scenario Outline: Retrieve an Object by Valid ID - multiple objects &amp#27;[90m# io/cucumber/features/get_object.feature:36&amp#27;[0m
  &amp#27;[32mWhen &amp#27;[0m&amp#27;[32mI send a GET request to &amp#27;[0m&amp#27;[32m&amp#27;[1m"/objects/1"&amp#27;[0m                         &amp#27;[90m# io.cucumber.stepDefs.StepDefinitions.iSendAGETRequestTo(java.lang.String)&amp#27;[0m
  &amp#27;[32mThen &amp#27;[0m&amp#27;[32mthe response status code is &amp#27;[0m&amp#27;[32m&amp#27;[1m200&amp#27;[0m                              &amp#27;[90m# io.cucumber.stepDefs.StepDefinitions.theResponseStatusCodeIs(int)&amp#27;[0m
  &amp#27;[32mAnd &amp#27;[0m&amp#27;[32mthe object name is &amp#27;[0m&amp#27;[32m&amp#27;[1m"Google Pixel 6 Pro"&amp#27;[0m                       &amp#27;[90m# io.cucumber.stepDefs.StepDefinitions.theObjectNameIs(java.lang.String)&amp#27;[0m
]]></system-out>
  </testcase>
  <testcase name="Get object scenarios - Retrieve an Object by Valid ID - multiple objects - Examples - Example #1.2" classname="Get object scenarios - Retrieve an Object by Valid ID - multiple objects - Examples" time="0.858">
    <system-out><![CDATA[
@apiSmoke
Scenario Outline: Retrieve an Object by Valid ID - multiple objects &amp#27;[90m# io/cucumber/features/get_object.feature:37&amp#27;[0m
  &amp#27;[32mWhen &amp#27;[0m&amp#27;[32mI send a GET request to &amp#27;[0m&amp#27;[32m&amp#27;[1m"/objects/2"&amp#27;[0m                         &amp#27;[90m# io.cucumber.stepDefs.StepDefinitions.iSendAGETRequestTo(java.lang.String)&amp#27;[0m
  &amp#27;[32mThen &amp#27;[0m&amp#27;[32mthe response status code is &amp#27;[0m&amp#27;[32m&amp#27;[1m200&amp#27;[0m                              &amp#27;[90m# io.cucumber.stepDefs.StepDefinitions.theResponseStatusCodeIs(int)&amp#27;[0m
  &amp#27;[32mAnd &amp#27;[0m&amp#27;[32mthe object name is &amp#27;[0m&amp#27;[32m&amp#27;[1m"Apple iPhone 12 Mini, 256GB, Blue"&amp#27;[0m        &amp#27;[90m# io.cucumber.stepDefs.StepDefinitions.theObjectNameIs(java.lang.String)&amp#27;[0m
]]></system-out>
  </testcase>
  <testcase name="Get object scenarios - Retrieve an Object by Valid ID - multiple objects - Examples - Example #1.3" classname="Get object scenarios - Retrieve an Object by Valid ID - multiple objects - Examples" time="0.999">
    <system-out><![CDATA[
@apiSmoke
Scenario Outline: Retrieve an Object by Valid ID - multiple objects &amp#27;[90m# io/cucumber/features/get_object.feature:38&amp#27;[0m
  &amp#27;[32mWhen &amp#27;[0m&amp#27;[32mI send a GET request to &amp#27;[0m&amp#27;[32m&amp#27;[1m"/objects/3"&amp#27;[0m                         &amp#27;[90m# io.cucumber.stepDefs.StepDefinitions.iSendAGETRequestTo(java.lang.String)&amp#27;[0m
  &amp#27;[32mThen &amp#27;[0m&amp#27;[32mthe response status code is &amp#27;[0m&amp#27;[32m&amp#27;[1m200&amp#27;[0m                              &amp#27;[90m# io.cucumber.stepDefs.StepDefinitions.theResponseStatusCodeIs(int)&amp#27;[0m
  &amp#27;[32mAnd &amp#27;[0m&amp#27;[32mthe object name is &amp#27;[0m&amp#27;[32m&amp#27;[1m"Apple iPhone 12 Pro Max"&amp#27;[0m                  &amp#27;[90m# io.cucumber.stepDefs.StepDefinitions.theObjectNameIs(java.lang.String)&amp#27;[0m
]]></system-out>
  </testcase>
  <testcase name="Get object scenarios - Retrieve an Object by Valid ID - multiple objects - Examples - Example #1.4" classname="Get object scenarios - Retrieve an Object by Valid ID - multiple objects - Examples" time="0.408">
    <system-out><![CDATA[
@apiSmoke
Scenario Outline: Retrieve an Object by Valid ID - multiple objects &amp#27;[90m# io/cucumber/features/get_object.feature:39&amp#27;[0m
  &amp#27;[32mWhen &amp#27;[0m&amp#27;[32mI send a GET request to &amp#27;[0m&amp#27;[32m&amp#27;[1m"/objects/4"&amp#27;[0m                         &amp#27;[90m# io.cucumber.stepDefs.StepDefinitions.iSendAGETRequestTo(java.lang.String)&amp#27;[0m
  &amp#27;[32mThen &amp#27;[0m&amp#27;[32mthe response status code is &amp#27;[0m&amp#27;[32m&amp#27;[1m200&amp#27;[0m                              &amp#27;[90m# io.cucumber.stepDefs.StepDefinitions.theResponseStatusCodeIs(int)&amp#27;[0m
  &amp#27;[32mAnd &amp#27;[0m&amp#27;[32mthe object name is &amp#27;[0m&amp#27;[32m&amp#27;[1m"Apple iPhone 11, 64GB"&amp#27;[0m                    &amp#27;[90m# io.cucumber.stepDefs.StepDefinitions.theObjectNameIs(java.lang.String)&amp#27;[0m
]]></system-out>
  </testcase>
  <testcase name="Get object scenarios - Retrieve an Object by Valid ID - multiple objects - Examples - Example #1.5" classname="Get object scenarios - Retrieve an Object by Valid ID - multiple objects - Examples" time="0.566">
    <system-out><![CDATA[
@apiSmoke
Scenario Outline: Retrieve an Object by Valid ID - multiple objects &amp#27;[90m# io/cucumber/features/get_object.feature:40&amp#27;[0m
  &amp#27;[32mWhen &amp#27;[0m&amp#27;[32mI send a GET request to &amp#27;[0m&amp#27;[32m&amp#27;[1m"/objects/5"&amp#27;[0m                         &amp#27;[90m# io.cucumber.stepDefs.StepDefinitions.iSendAGETRequestTo(java.lang.String)&amp#27;[0m
  &amp#27;[32mThen &amp#27;[0m&amp#27;[32mthe response status code is &amp#27;[0m&amp#27;[32m&amp#27;[1m200&amp#27;[0m                              &amp#27;[90m# io.cucumber.stepDefs.StepDefinitions.theResponseStatusCodeIs(int)&amp#27;[0m
  &amp#27;[32mAnd &amp#27;[0m&amp#27;[32mthe object name is &amp#27;[0m&amp#27;[32m&amp#27;[1m"Samsung Galaxy Z Fold2"&amp#27;[0m                   &amp#27;[90m# io.cucumber.stepDefs.StepDefinitions.theObjectNameIs(java.lang.String)&amp#27;[0m
]]></system-out>
  </testcase>
  <testcase name="Get object scenarios - Retrieve an Object by Valid ID - multiple objects - Examples - Example #1.6" classname="Get object scenarios - Retrieve an Object by Valid ID - multiple objects - Examples" time="0.339">
    <system-out><![CDATA[
@apiSmoke
Scenario Outline: Retrieve an Object by Valid ID - multiple objects &amp#27;[90m# io/cucumber/features/get_object.feature:41&amp#27;[0m
  &amp#27;[32mWhen &amp#27;[0m&amp#27;[32mI send a GET request to &amp#27;[0m&amp#27;[32m&amp#27;[1m"/objects/6"&amp#27;[0m                         &amp#27;[90m# io.cucumber.stepDefs.StepDefinitions.iSendAGETRequestTo(java.lang.String)&amp#27;[0m
  &amp#27;[32mThen &amp#27;[0m&amp#27;[32mthe response status code is &amp#27;[0m&amp#27;[32m&amp#27;[1m200&amp#27;[0m                              &amp#27;[90m# io.cucumber.stepDefs.StepDefinitions.theResponseStatusCodeIs(int)&amp#27;[0m
  &amp#27;[32mAnd &amp#27;[0m&amp#27;[32mthe object name is &amp#27;[0m&amp#27;[32m&amp#27;[1m"Apple AirPods"&amp#27;[0m                            &amp#27;[90m# io.cucumber.stepDefs.StepDefinitions.theObjectNameIs(java.lang.String)&amp#27;[0m
]]></system-out>
  </testcase>
  <testcase name="Get object scenarios - Retrieve an Object by Valid ID - multiple objects - Examples - Example #1.7" classname="Get object scenarios - Retrieve an Object by Valid ID - multiple objects - Examples" time="0.365">
    <system-out><![CDATA[
@apiSmoke
Scenario Outline: Retrieve an Object by Valid ID - multiple objects &amp#27;[90m# io/cucumber/features/get_object.feature:42&amp#27;[0m
  &amp#27;[32mWhen &amp#27;[0m&amp#27;[32mI send a GET request to &amp#27;[0m&amp#27;[32m&amp#27;[1m"/objects/7"&amp#27;[0m                         &amp#27;[90m# io.cucumber.stepDefs.StepDefinitions.iSendAGETRequestTo(java.lang.String)&amp#27;[0m
  &amp#27;[32mThen &amp#27;[0m&amp#27;[32mthe response status code is &amp#27;[0m&amp#27;[32m&amp#27;[1m200&amp#27;[0m                              &amp#27;[90m# io.cucumber.stepDefs.StepDefinitions.theResponseStatusCodeIs(int)&amp#27;[0m
  &amp#27;[32mAnd &amp#27;[0m&amp#27;[32mthe object name is &amp#27;[0m&amp#27;[32m&amp#27;[1m"Apple MacBook Pro 16"&amp#27;[0m                     &amp#27;[90m# io.cucumber.stepDefs.StepDefinitions.theObjectNameIs(java.lang.String)&amp#27;[0m
]]></system-out>
  </testcase>
  <testcase name="Get object scenarios - Retrieve an Object by Valid ID - multiple objects - Examples - Example #1.8" classname="Get object scenarios - Retrieve an Object by Valid ID - multiple objects - Examples" time="0.323">
    <system-out><![CDATA[
@apiSmoke
Scenario Outline: Retrieve an Object by Valid ID - multiple objects &amp#27;[90m# io/cucumber/features/get_object.feature:43&amp#27;[0m
  &amp#27;[32mWhen &amp#27;[0m&amp#27;[32mI send a GET request to &amp#27;[0m&amp#27;[32m&amp#27;[1m"/objects/8"&amp#27;[0m                         &amp#27;[90m# io.cucumber.stepDefs.StepDefinitions.iSendAGETRequestTo(java.lang.String)&amp#27;[0m
  &amp#27;[32mThen &amp#27;[0m&amp#27;[32mthe response status code is &amp#27;[0m&amp#27;[32m&amp#27;[1m200&amp#27;[0m                              &amp#27;[90m# io.cucumber.stepDefs.StepDefinitions.theResponseStatusCodeIs(int)&amp#27;[0m
  &amp#27;[32mAnd &amp#27;[0m&amp#27;[32mthe object name is &amp#27;[0m&amp#27;[32m&amp#27;[1m"Apple Watch Series 8"&amp#27;[0m                     &amp#27;[90m# io.cucumber.stepDefs.StepDefinitions.theObjectNameIs(java.lang.String)&amp#27;[0m
]]></system-out>
  </testcase>
  <testcase name="Update object scenarios - Update a new object with existing json request" classname="Update object scenarios" time="0.829">
    <system-out><![CDATA[
@apiSmoke
Scenario: Update a new object with existing json request &amp#27;[90m# io/cucumber/features/update_object.feature:4&amp#27;[0m
  &amp#27;[32mGiven &amp#27;[0m&amp#27;[32mI create a new object with random details&amp#27;[0m        &amp#27;[90m# io.cucumber.stepDefs.StepDefinitions.iCreateANewObjectWithRandomDetails()&amp#27;[0m
  &amp#27;[32mAnd &amp#27;[0m&amp#27;[32mI send a POST request to object endpoint&amp#27;[0m           &amp#27;[90m# io.cucumber.stepDefs.StepDefinitions.iSendAPOSTRequestToObjectEndpoint()&amp#27;[0m
  &amp#27;[32mAnd &amp#27;[0m&amp#27;[32mthe response status code is &amp#27;[0m&amp#27;[32m&amp#27;[1m200&amp#27;[0m                    &amp#27;[90m# io.cucumber.stepDefs.StepDefinitions.theResponseStatusCodeIs(int)&amp#27;[0m
  &amp#27;[32mAnd &amp#27;[0m&amp#27;[32mthe response should contain the following values:&amp#27;[0m  &amp#27;[90m# io.cucumber.stepDefs.StepDefinitions.verifyResponseValues(io.cucumber.datatable.DataTable)&amp#27;[0m
    | name | Apple MacBook Pro 13 |
  &amp#27;[32mWhen &amp#27;[0m&amp#27;[32mI get the object id&amp#27;[0m                               &amp#27;[90m# io.cucumber.stepDefs.StepDefinitions.iGetTheObjectId()&amp#27;[0m
  &amp#27;[32mAnd &amp#27;[0m&amp#27;[32mI update the object with existing data&amp#27;[0m             &amp#27;[90m# io.cucumber.stepDefs.StepDefinitions.iUpdateTheObjectIdWithExistingData()&amp#27;[0m
  &amp#27;[32mAnd &amp#27;[0m&amp#27;[32mI send a PUT request to update the object&amp#27;[0m          &amp#27;[90m# io.cucumber.stepDefs.StepDefinitions.iSendAPUTRequest()&amp#27;[0m
  &amp#27;[32mThen &amp#27;[0m&amp#27;[32mthe response status code is &amp#27;[0m&amp#27;[32m&amp#27;[1m200&amp#27;[0m                   &amp#27;[90m# io.cucumber.stepDefs.StepDefinitions.theResponseStatusCodeIs(int)&amp#27;[0m
  &amp#27;[32mAnd &amp#27;[0m&amp#27;[32mthe response should contain the following values:&amp#27;[0m  &amp#27;[90m# io.cucumber.stepDefs.StepDefinitions.verifyResponseValues(io.cucumber.datatable.DataTable)&amp#27;[0m
    | name | Apple MacBook Pro 12 |
]]></system-out>
  </testcase>
  <testcase name="Update object scenarios - Update object name from Apple MacBook Pro 13 to 11" classname="Update object scenarios" time="0.729">
    <system-out><![CDATA[
@apiSmoke
Scenario: Update object name from Apple MacBook Pro 13 to 11 &amp#27;[90m# io/cucumber/features/update_object.feature:18&amp#27;[0m
  &amp#27;[32mGiven &amp#27;[0m&amp#27;[32mI create a new object with random details&amp#27;[0m            &amp#27;[90m# io.cucumber.stepDefs.StepDefinitions.iCreateANewObjectWithRandomDetails()&amp#27;[0m
  &amp#27;[32mAnd &amp#27;[0m&amp#27;[32mI send a POST request to object endpoint&amp#27;[0m               &amp#27;[90m# io.cucumber.stepDefs.StepDefinitions.iSendAPOSTRequestToObjectEndpoint()&amp#27;[0m
  &amp#27;[32mAnd &amp#27;[0m&amp#27;[32mthe response status code is &amp#27;[0m&amp#27;[32m&amp#27;[1m200&amp#27;[0m                        &amp#27;[90m# io.cucumber.stepDefs.StepDefinitions.theResponseStatusCodeIs(int)&amp#27;[0m
  &amp#27;[32mAnd &amp#27;[0m&amp#27;[32mthe response should contain the following values:&amp#27;[0m      &amp#27;[90m# io.cucumber.stepDefs.StepDefinitions.verifyResponseValues(io.cucumber.datatable.DataTable)&amp#27;[0m
    | name | Apple MacBook Pro 13 |
  &amp#27;[32mWhen &amp#27;[0m&amp#27;[32mI get the object id&amp#27;[0m                                   &amp#27;[90m# io.cucumber.stepDefs.StepDefinitions.iGetTheObjectId()&amp#27;[0m
  &amp#27;[32mAnd &amp#27;[0m&amp#27;[32mI update the object name with &amp#27;[0m&amp#27;[32m&amp#27;[1m"Apple MacBook Pro 11"&amp#27;[0m   &amp#27;[90m# io.cucumber.stepDefs.StepDefinitions.iUpdateTheObjectNameWith(java.lang.String)&amp#27;[0m
  &amp#27;[32mAnd &amp#27;[0m&amp#27;[32mI send a PUT request to update the object&amp#27;[0m              &amp#27;[90m# io.cucumber.stepDefs.StepDefinitions.iSendAPUTRequest()&amp#27;[0m
  &amp#27;[32mThen &amp#27;[0m&amp#27;[32mthe response status code is &amp#27;[0m&amp#27;[32m&amp#27;[1m200&amp#27;[0m                       &amp#27;[90m# io.cucumber.stepDefs.StepDefinitions.theResponseStatusCodeIs(int)&amp#27;[0m
  &amp#27;[32mAnd &amp#27;[0m&amp#27;[32mthe response should contain the following values:&amp#27;[0m      &amp#27;[90m# io.cucumber.stepDefs.StepDefinitions.verifyResponseValues(io.cucumber.datatable.DataTable)&amp#27;[0m
    | name | Apple MacBook Pro 11 |
]]></system-out>
  </testcase>
  <testcase name="Update object scenarios - Attempt to update object with blank id" classname="Update object scenarios" time="0.35">
    <system-out><![CDATA[
@apiSmoke
Scenario: Attempt to update object with blank id        &amp#27;[90m# io/cucumber/features/update_object.feature:32&amp#27;[0m
  &amp#27;[32mGiven &amp#27;[0m&amp#27;[32mI create a new object with random details&amp#27;[0m       &amp#27;[90m# io.cucumber.stepDefs.StepDefinitions.iCreateANewObjectWithRandomDetails()&amp#27;[0m
  &amp#27;[32mAnd &amp#27;[0m&amp#27;[32mI send a PUT request to update the object&amp#27;[0m         &amp#27;[90m# io.cucumber.stepDefs.StepDefinitions.iSendAPUTRequest()&amp#27;[0m
  &amp#27;[32mThen &amp#27;[0m&amp#27;[32mthe response status code is &amp#27;[0m&amp#27;[32m&amp#27;[1m404&amp#27;[0m                  &amp#27;[90m# io.cucumber.stepDefs.StepDefinitions.theResponseStatusCodeIs(int)&amp#27;[0m
  &amp#27;[32mAnd &amp#27;[0m&amp#27;[32mthe response should contain the following values:&amp#27;[0m &amp#27;[90m# io.cucumber.stepDefs.StepDefinitions.verifyResponseValues(io.cucumber.datatable.DataTable)&amp#27;[0m
    | error | The Object with id = null doesn't exist. Please provide an object id which exists or generate a new Object using POST request and capture the id of it to use it as part of PUT request after that. |
]]></system-out>
  </testcase>
  <testcase name="Update object scenarios - Attempt to update an object that is unable" classname="Update object scenarios" time="1.08">
    <system-out><![CDATA[
@apiSmoke
Scenario: Attempt to update an object that is unable                     &amp#27;[90m# io/cucumber/features/update_object.feature:40&amp#27;[0m
  &amp#27;[32mWhen &amp#27;[0m&amp#27;[32mI send a PUT request to &amp#27;[0m&amp#27;[32m&amp#27;[1m"/objects/7"&amp#27;[0m&amp#27;[32m with the updated object data&amp#27;[0m &amp#27;[90m# io.cucumber.stepDefs.StepDefinitions.iSendAPUTRequestToWithTheUpdatedObjectData(java.lang.String)&amp#27;[0m
  &amp#27;[32mThen &amp#27;[0m&amp#27;[32mthe response status code is &amp#27;[0m&amp#27;[32m&amp#27;[1m405&amp#27;[0m                                   &amp#27;[90m# io.cucumber.stepDefs.StepDefinitions.theResponseStatusCodeIs(int)&amp#27;[0m
  &amp#27;[32mAnd &amp#27;[0m&amp#27;[32mthe response should contain the following values:&amp#27;[0m                  &amp#27;[90m# io.cucumber.stepDefs.StepDefinitions.verifyResponseValues(io.cucumber.datatable.DataTable)&amp#27;[0m
    | error | 7 is a reserved id and the data object of it cannot be overridden. You can create a new object via POST request and use new generated by id from it to send a PUT request. |
]]></system-out>
  </testcase>
</testsuite>